{"level":"info","message":"User A has been seen","timestamp":"2023-12-12T03:16:43.844Z"}
{"level":"info","message":"User A has been seen","timestamp":"2023-12-12T03:16:44.837Z"}
{"level":"info","message":"User A has been seen","timestamp":"2023-12-12T03:16:49.775Z"}
{"level":"info","message":"User A has been seen","timestamp":"2023-12-12T03:17:27.526Z"}
{"level":"info","message":"User A has been seen","timestamp":"2023-12-12T03:17:35.263Z"}
{"level":"info","message":"User A has been seen","timestamp":"2023-12-12T03:17:46.933Z"}
{"level":"info","message":"User A has been seen","timestamp":"2023-12-12T03:17:54.870Z"}
{"level":"info","message":"User A has been seen","timestamp":"2023-12-12T03:17:56.134Z"}
{"level":"info","message":"User A has been seen","timestamp":"2023-12-12T03:18:20.133Z"}
{"level":"info","message":"User A has been seen","timestamp":"2023-12-12T03:18:21.090Z"}
{"level":"info","message":"User A has been seen","timestamp":"2023-12-12T03:18:24.912Z"}
{"level":"info","message":"User A has been seen","timestamp":"2023-12-12T03:18:26.499Z"}
{"level":"info","message":"User A has been seen","timestamp":"2023-12-12T03:18:30.048Z"}
{"level":"info","message":"User A has been seen","timestamp":"2023-12-12T03:18:33.520Z"}
{"level":"info","message":"User A has been seen","timestamp":"2023-12-12T03:18:40.841Z"}
{"level":"info","message":"User A has been seen","timestamp":"2023-12-12T03:18:46.014Z"}
{"level":"info","message":"User A has been seen","timestamp":"2023-12-12T03:18:55.802Z"}
{"level":"info","message":"User A has been seen","timestamp":"2023-12-12T03:19:00.634Z"}
{"level":"info","message":"User A has been seen","timestamp":"2023-12-12T03:19:05.936Z"}
{"level":"info","message":"User A has been seen","timestamp":"2023-12-12T03:19:14.482Z"}
{"level":"info","message":"User A has been seen","timestamp":"2023-12-12T03:19:24.901Z"}
{"level":"info","message":"User A has been seen","timestamp":"2023-12-12T03:19:27.300Z"}
{"level":"info","message":"User A has been seen","timestamp":"2023-12-12T03:19:34.552Z"}
{"level":"info","message":"User A has been seen","timestamp":"2023-12-12T03:19:40.307Z"}
{"level":"info","message":"User A has been seen","timestamp":"2023-12-12T03:20:36.693Z"}
{"level":"info","message":"User A has been seen","timestamp":"2023-12-12T03:21:09.496Z"}
{"level":"info","message":"User A has been seen","timestamp":"2023-12-12T03:21:12.795Z"}
{"level":"info","message":"User A has been seen","timestamp":"2023-12-12T03:21:15.665Z"}
{"level":"info","message":"User A has been seen","timestamp":"2023-12-12T03:21:17.475Z"}
{"level":"info","message":"User A has been seen","timestamp":"2023-12-12T03:21:20.096Z"}
{"level":"info","message":"User A has been seen","timestamp":"2023-12-12T03:21:22.047Z"}
{"level":"info","message":"User A has been seen","timestamp":"2023-12-12T03:21:24.638Z"}
{"level":"info","message":"User A has been seen","timestamp":"2023-12-12T03:21:31.336Z"}
{"level":"info","message":"User A has been seen","timestamp":"2023-12-12T03:21:34.924Z"}
{"level":"info","message":"User A has been seen","timestamp":"2023-12-12T03:23:20.739Z"}
{"level":"info","message":"User A has been seen","timestamp":"2023-12-12T03:23:30.834Z"}
{"level":"info","message":"User A has been seen","timestamp":"2023-12-12T03:23:33.228Z"}
{"level":"info","message":"User A has been seen","timestamp":"2023-12-12T03:23:36.566Z"}
{"level":"info","message":"User A has been seen","timestamp":"2023-12-12T03:23:42.066Z"}
{"level":"info","message":"User A has been seen","timestamp":"2023-12-12T03:23:45.874Z"}
{"level":"info","message":"User A has been seen","timestamp":"2023-12-12T03:23:54.899Z"}
{"level":"info","message":"User A has been seen","timestamp":"2023-12-12T03:24:48.042Z"}
{"level":"info","message":"User A has been seen","timestamp":"2023-12-12T03:24:56.278Z"}
{"level":"info","message":"User A has been seen","timestamp":"2023-12-12T03:25:00.009Z"}
{"level":"info","message":"User A has been seen","timestamp":"2023-12-12T03:25:03.626Z"}
{"level":"info","message":"User A has been seen","timestamp":"2023-12-12T03:25:05.767Z"}
{"level":"info","message":"User A has been seen","timestamp":"2023-12-12T03:25:10.177Z"}
{"level":"info","message":"User A has been seen","timestamp":"2023-12-12T03:25:12.486Z"}
{"level":"info","message":"User A has been seen","timestamp":"2023-12-12T03:25:15.059Z"}
{"level":"info","message":"User A has been seen","timestamp":"2023-12-12T03:25:18.357Z"}
{"level":"info","message":"User A has been seen","timestamp":"2023-12-12T03:25:30.821Z"}
{"level":"info","message":"User A has been seen","timestamp":"2023-12-12T03:25:33.090Z"}
{"level":"info","message":"User A has been seen","timestamp":"2023-12-12T03:25:34.256Z"}
{"level":"info","message":"User A has been seen","timestamp":"2023-12-12T03:25:36.802Z"}
{"level":"info","message":"User A has been seen","timestamp":"2023-12-12T03:25:41.807Z"}
{"level":"info","message":"User A has been seen","timestamp":"2023-12-12T03:25:44.842Z"}
{"level":"info","message":"User A has been seen","timestamp":"2023-12-12T03:25:48.667Z"}
{"level":"info","message":"User A has been seen","timestamp":"2023-12-12T03:25:51.253Z"}
{"level":"info","message":"User A has been seen","timestamp":"2023-12-12T03:25:54.213Z"}
{"level":"info","message":"User A has been seen","timestamp":"2023-12-12T03:25:56.308Z"}
{"level":"info","message":"User A has been seen","timestamp":"2023-12-12T03:25:59.024Z"}
{"level":"info","message":"User A has been seen","timestamp":"2023-12-12T03:26:02.299Z"}
{"level":"info","message":"User A has been seen","timestamp":"2023-12-12T03:26:05.756Z"}
{"level":"info","message":"User A has been seen","timestamp":"2023-12-12T03:26:15.860Z"}
{"level":"info","message":"User A has been seen","timestamp":"2023-12-12T03:26:19.212Z"}
{"level":"info","message":"User A has been seen","timestamp":"2023-12-12T03:26:22.475Z"}
{"level":"info","message":"User A has been seen","timestamp":"2023-12-12T03:26:24.449Z"}
{"level":"info","message":"User A has been seen","timestamp":"2023-12-12T03:26:27.165Z"}
{"level":"info","message":"User A has been seen","timestamp":"2023-12-12T03:26:31.717Z"}
{"level":"info","message":"User A has been seen","timestamp":"2023-12-12T03:26:33.787Z"}
{"level":"info","message":"User A has been seen","timestamp":"2023-12-12T03:26:37.465Z"}
{"level":"info","message":"User A has been seen","timestamp":"2023-12-12T03:26:41.139Z"}
{"level":"info","message":"User A has been seen","timestamp":"2023-12-12T03:26:45.853Z"}
{"level":"info","message":"User A has been seen","timestamp":"2023-12-12T03:26:49.242Z"}
{"level":"info","message":"User A has been seen","timestamp":"2023-12-12T03:27:03.877Z"}
{"level":"info","message":"User A has been seen","timestamp":"2023-12-12T03:27:05.389Z"}
{"level":"info","message":"User A has been seen","timestamp":"2023-12-12T03:27:07.902Z"}
{"level":"info","message":"User A has been seen","timestamp":"2023-12-12T03:27:12.020Z"}
{"level":"info","message":"User A has been seen","timestamp":"2023-12-12T03:27:16.283Z"}
{"level":"info","message":"User A has been seen","timestamp":"2023-12-12T03:27:20.684Z"}
{"level":"info","message":"User A has been seen","timestamp":"2023-12-12T03:27:22.777Z"}
{"level":"info","message":"User A has been seen","timestamp":"2023-12-12T03:27:24.880Z"}
{"level":"info","message":"User A has been seen","timestamp":"2023-12-12T03:27:27.226Z"}
{"level":"info","message":"User A has been seen","timestamp":"2023-12-12T03:27:32.563Z"}
{"level":"info","message":"User A has been seen","timestamp":"2023-12-12T03:27:41.227Z"}
{"level":"info","message":"User A has been seen","timestamp":"2023-12-12T03:27:43.147Z"}
{"level":"info","message":"User A has been seen","timestamp":"2023-12-12T03:27:45.256Z"}
{"level":"info","message":"User A has been seen","timestamp":"2023-12-12T03:27:59.110Z"}
{"level":"info","message":"User A has been seen","timestamp":"2023-12-12T03:28:02.786Z"}
{"level":"info","message":"User A has been seen","timestamp":"2023-12-12T03:28:06.327Z"}
{"level":"info","message":"User A has been seen","timestamp":"2023-12-12T03:28:08.703Z"}
{"level":"info","message":"User A has been seen","timestamp":"2023-12-12T03:28:11.299Z"}
{"level":"info","message":"User A has been seen","timestamp":"2023-12-12T03:28:13.364Z"}
{"level":"info","message":"User A has been seen","timestamp":"2023-12-12T03:28:15.917Z"}
{"level":"info","message":"User A has been seen","timestamp":"2023-12-12T03:28:18.376Z"}
{"level":"info","message":"User A has been seen","timestamp":"2023-12-12T03:28:22.097Z"}
{"level":"info","message":"User A has been seen","timestamp":"2023-12-12T03:28:50.063Z"}
{"level":"info","message":"User A has been seen","timestamp":"2023-12-12T03:28:55.699Z"}
{"level":"info","message":"User A has been seen","timestamp":"2023-12-12T03:29:01.849Z"}
{"level":"info","message":"User A has been seen","timestamp":"2023-12-12T03:29:04.387Z"}
{"level":"info","message":"User A has been seen","timestamp":"2023-12-12T03:29:06.604Z"}
{"level":"info","message":"User A has been seen","timestamp":"2023-12-12T03:29:15.438Z"}
{"level":"info","message":"User A has been seen","timestamp":"2023-12-12T03:29:25.720Z"}
{"level":"info","message":"User A has been seen","timestamp":"2023-12-12T03:29:27.357Z"}
{"level":"info","message":"User A has been seen","timestamp":"2023-12-12T03:29:45.407Z"}
{"level":"info","message":"User A has been seen","timestamp":"2023-12-12T03:29:55.691Z"}
{"level":"info","message":"User A has been seen","timestamp":"2023-12-12T03:29:58.173Z"}
{"level":"info","message":"User A has been seen","timestamp":"2023-12-12T03:30:04.030Z"}
{"level":"info","message":"User A has been seen","timestamp":"2023-12-12T03:30:11.290Z"}
{"level":"info","message":"User A has been seen","timestamp":"2023-12-12T03:30:15.762Z"}
{"level":"info","message":"User A has been seen","timestamp":"2023-12-12T03:30:19.569Z"}
{"level":"info","message":"User A has been seen","timestamp":"2023-12-12T03:30:21.123Z"}
{"level":"info","message":"User A has been seen","timestamp":"2023-12-12T03:30:24.108Z"}
{"level":"info","message":"User A has been seen","timestamp":"2023-12-12T03:30:26.370Z"}
{"level":"info","message":"User A has been seen","timestamp":"2023-12-12T03:30:42.412Z"}
{"level":"info","message":"User A has been seen","timestamp":"2023-12-12T03:30:49.631Z"}
{"level":"info","message":"User A has been seen","timestamp":"2023-12-12T03:30:52.724Z"}
{"level":"info","message":"User A has been seen","timestamp":"2023-12-12T03:30:55.421Z"}
{"level":"info","message":"User A has been seen","timestamp":"2023-12-12T03:31:10.517Z"}
{"level":"info","message":"User A has been seen","timestamp":"2023-12-12T03:31:31.521Z"}
{"level":"info","message":"User A has been seen","timestamp":"2023-12-12T03:31:34.116Z"}
{"level":"info","message":"User A has been seen","timestamp":"2023-12-12T03:31:35.091Z"}
{"level":"info","message":"User A has been seen","timestamp":"2023-12-12T03:31:36.841Z"}
{"level":"info","message":"User A has been seen","timestamp":"2023-12-12T03:31:39.214Z"}
{"level":"info","message":"User A has been seen","timestamp":"2023-12-12T03:31:45.701Z"}
{"level":"info","message":"User A has been seen","timestamp":"2023-12-12T03:32:08.442Z"}
{"level":"info","message":"User A has been seen","timestamp":"2023-12-12T03:32:08.451Z"}
{"level":"info","message":"User A has been seen","timestamp":"2023-12-12T03:32:20.311Z"}
{"level":"info","message":"User A has been seen","timestamp":"2023-12-12T03:32:38.100Z"}
{"level":"info","message":"User A has been seen","timestamp":"2023-12-12T03:32:40.016Z"}
{"level":"info","message":"User A has been seen","timestamp":"2023-12-12T03:32:45.291Z"}
{"level":"info","message":"User A has been seen","timestamp":"2023-12-12T03:33:24.229Z"}
{"level":"info","message":"User A has been seen","timestamp":"2023-12-12T03:33:34.222Z"}
{"level":"info","message":"User A has been seen","timestamp":"2023-12-12T03:33:38.847Z"}
{"level":"info","message":"User A has been seen","timestamp":"2023-12-12T03:33:48.255Z"}
{"level":"info","message":"User A has been seen","timestamp":"2023-12-12T03:33:56.795Z"}
{"level":"info","message":"User A has been seen","timestamp":"2023-12-12T03:34:09.017Z"}
{"level":"info","message":"User A has been seen","timestamp":"2023-12-12T03:35:16.477Z"}
{"level":"info","message":"User A has been seen","timestamp":"2023-12-12T03:35:18.436Z"}
{"level":"info","message":"User A has been seen","timestamp":"2023-12-12T03:35:21.956Z"}
{"level":"info","message":"User A has been seen","timestamp":"2023-12-12T03:48:16.468Z"}
{"level":"info","message":"User A has been seen","timestamp":"2023-12-12T03:48:47.511Z"}
{"level":"info","message":"User A has been seen","timestamp":"2023-12-12T03:48:48.676Z"}
{"level":"info","message":"User A has been seen","timestamp":"2023-12-12T03:48:53.433Z"}
{"level":"info","message":"User A has been seen","timestamp":"2023-12-12T03:48:59.912Z"}
{"level":"info","message":"User A has been seen","timestamp":"2023-12-12T03:55:25.148Z"}
{"level":"info","message":"User A has been seen","timestamp":"2023-12-12T03:55:26.752Z"}
{"level":"info","message":"User A has been seen","timestamp":"2023-12-12T03:55:33.451Z"}
{"level":"info","message":"User A has been seen","timestamp":"2023-12-12T03:55:36.019Z"}
{"level":"info","message":"User A has been seen","timestamp":"2023-12-12T03:55:38.905Z"}
{"level":"info","message":"User A has been seen","timestamp":"2023-12-12T03:55:43.198Z"}
{"level":"info","message":"User A has been seen","timestamp":"2023-12-12T03:55:46.107Z"}
{"level":"info","message":"User A has been seen","timestamp":"2023-12-12T03:55:57.582Z"}
{"level":"info","message":"User A has been seen","timestamp":"2023-12-12T03:56:00.003Z"}
{"level":"info","message":"User A has been seen","timestamp":"2023-12-12T03:56:04.619Z"}
{"level":"info","message":"User A has been seen","timestamp":"2023-12-12T03:56:06.666Z"}
{"level":"info","message":"User A has been seen","timestamp":"2023-12-12T03:56:10.261Z"}
{"level":"info","message":"User A has been seen","timestamp":"2023-12-12T03:56:31.957Z"}
{"level":"info","message":"User A has been seen","timestamp":"2023-12-12T03:56:41.578Z"}
{"level":"info","message":"User A has been seen","timestamp":"2023-12-12T03:57:37.966Z"}
{"level":"info","message":"User A has been seen","timestamp":"2023-12-12T03:57:43.295Z"}
{"level":"info","message":"User A has been seen","timestamp":"2023-12-12T03:58:57.837Z"}
{"level":"info","message":"User A has been seen","timestamp":"2023-12-12T04:03:28.965Z"}
{"level":"info","message":"User A has been seen","timestamp":"2023-12-12T04:08:24.850Z"}
{"level":"info","message":"User A has been seen","timestamp":"2023-12-12T04:08:29.191Z"}
{"level":"info","message":"User A has been seen","timestamp":"2023-12-12T04:08:34.425Z"}
{"level":"info","message":"User A has been seen","timestamp":"2023-12-12T04:08:35.410Z"}
{"level":"info","message":"User A has been seen","timestamp":"2023-12-12T04:30:49.283Z"}
{"level":"info","message":"User A has been seen","timestamp":"2023-12-12T04:33:35.623Z"}
{"level":"info","message":"User A has been seen","timestamp":"2023-12-12T04:49:52.322Z"}
{"level":"info","message":"User A has been seen","timestamp":"2023-12-12T06:10:02.861Z"}
{"level":"info","message":"User A has been seen","timestamp":"2023-12-12T06:19:44.069Z"}
{"level":"info","message":"User A has been seen","timestamp":"2023-12-12T06:19:46.172Z"}
{"level":"info","message":"User A has been seen","timestamp":"2023-12-12T06:55:31.048Z"}
{"level":"info","message":"User A has been seen","timestamp":"2023-12-12T06:56:44.651Z"}
{"level":"info","message":"User A has been seen","timestamp":"2023-12-12T06:56:48.370Z"}
{"level":"info","message":"User A has been seen","timestamp":"2023-12-12T06:56:49.486Z"}
{"level":"info","message":"User A has been seen","timestamp":"2023-12-12T07:43:12.469Z","router_name":"/listDepartment"}
{"level":"info","message":"User A has been seen","timestamp":"2023-12-12T07:46:28.976Z","router_name":"/listDepartment"}
{"level":"info","message":"User A has been seen","timestamp":"2023-12-12T07:55:46.448Z","router_name":"/listDepartment","user_by":{"_id":"65431b55ac2faf3c8bceb9be","user":"tha.thach","encryptionEnabled":true,"_SecurityKey":"4536cffcd9fb770dcf547b8ecb5a6ad2bf7414cdd94b3589c99f6a790987df91","_initVector":"518c0fc585e470fa454937d0da3f65d5","iat":1702366972,"exp":1702370572}}
{"level":"info","message":"User A has been seen","timestamp":"2023-12-12T07:56:50.643Z","router_name":"/listDepartment","user_by":"tha.thach"}
{"level":"info","message":"User A has been seen","timestamp":"2023-12-12T08:13:44.130Z","router_name":"/listDepartment","user_by":"nha.thai"}
{"level":"info","message":"tha.thachhas been store on/storeDepartment","timestamp":"2023-12-12T08:52:39.906Z","router_name":"/storeDepartment","user_by":"tha.thach"}
{"level":"info","message":"tha.thach has been store on /storeDepartment","timestamp":"2023-12-12T08:54:12.185Z","router_name":"/storeDepartment","user_by":"tha.thach"}
{"level":"info","message":"tha.thach has been store on /listDepartment","timestamp":"2023-12-12T09:20:30.188Z","router_name":"/listDepartment","user_by":"tha.thach"}
{"level":"info","message":"tha.thach has been store on /listDepartment","timestamp":"2023-12-12T09:24:05.929Z","router_name":"/listDepartment","user_by":"tha.thach"}
{"level":"info","message":"tha.thach has been store on /listDepartment","timestamp":"2023-12-12T09:24:16.935Z","router_name":"/listDepartment","user_by":"tha.thach"}
{"level":"info","message":"tha.thach has been store on /listDepartment","timestamp":"2023-12-12T09:24:20.525Z","router_name":"/listDepartment","user_by":"tha.thach"}
{"level":"info","message":"tha.thach has been store on /listDepartment","timestamp":"2023-12-12T09:24:24.304Z","router_name":"/listDepartment","user_by":"tha.thach"}
{"level":"info","message":"tha.thach has been store on /listDepartment","timestamp":"2023-12-12T09:27:02.386Z","router_name":"/listDepartment","user_by":"tha.thach"}
{"level":"info","message":"tha.thach has been delete on /deleteDepartment/:id","timestamp":"2023-12-12T09:27:10.494Z","router_name":"/deleteDepartment/:id","user_by":"tha.thach"}
{"level":"info","message":"tha.thach has been store on /listDepartment","timestamp":"2023-12-12T09:27:10.519Z","router_name":"/listDepartment","user_by":"tha.thach"}
{"level":"info","message":"tha.thach has been delete on /deleteDepartment/:id","timestamp":"2023-12-12T09:27:41.780Z","router_name":"/deleteDepartment/:id","user_by":"tha.thach"}
{"level":"info","message":"tha.thach has been store on /listDepartment","timestamp":"2023-12-12T09:27:41.806Z","router_name":"/listDepartment","user_by":"tha.thach"}
{"level":"info","message":"tha.thach has been store on /listDepartment","timestamp":"2023-12-12T09:28:00.945Z","router_name":"/listDepartment","user_by":"tha.thach"}
{"level":"info","message":"tha.thach has been store on /listDepartment","timestamp":"2023-12-12T09:28:12.164Z","router_name":"/listDepartment","user_by":"tha.thach"}
{"level":"info","message":"tha.thach has been store on /storeDepartment","timestamp":"2023-12-12T09:29:01.857Z","router_name":"/storeDepartment","user_by":"tha.thach"}
{"level":"info","message":"tha.thach has been store on /listDepartment","timestamp":"2023-12-12T09:29:01.891Z","router_name":"/listDepartment","user_by":"tha.thach"}
{"level":"info","message":"tha.thach has been store on /listDepartment","timestamp":"2023-12-12T09:29:46.832Z","router_name":"/listDepartment","user_by":"tha.thach"}
{"level":"info","message":"tha.thach has been store on /listDepartment","timestamp":"2023-12-12T09:29:55.035Z","router_name":"/listDepartment","user_by":"tha.thach"}
{"level":"info","message":"tha.thach has been update on /updateDepartment/:id","timestamp":"2023-12-12T09:31:43.006Z","router_name":"/updateDepartment/:id","user_by":"tha.thach"}
{"level":"info","message":"tha.thach has been delete on /deleteDepartment/:id","timestamp":"2023-12-12T09:32:00.168Z","router_name":"/deleteDepartment/:id","user_by":"tha.thach"}
{"level":"info","message":"tha.thach has been store on /storeDepartment","timestamp":"2023-12-12T09:32:27.083Z","router_name":"/storeDepartment","user_by":"tha.thach"}
{"level":"info","message":"nha.thai has been update on /updateDepartment/:id","timestamp":"2023-12-12T09:36:37.147Z","router_name":"/updateDepartment/:id","user_by":"nha.thai"}
{"level":"info","message":"nha.thai has been delete on /deleteDepartment/:id","timestamp":"2023-12-12T09:37:04.478Z","router_name":"/deleteDepartment/:id","user_by":"nha.thai"}
{"level":"info","message":"tha.thach has been store on /storeDepartment","timestamp":"2023-12-12T09:51:23.147Z","router_name":"/storeDepartment","user_by":"tha.thach"}
{"level":"info","message":"tha.thach has been delete on /deleteDepartment/:id","timestamp":"2023-12-12T10:09:46.493Z","router_name":"/deleteDepartment/:id","user_by":"tha.thach"}
{"level":"info","message":"Log message","timestamp":"2023-12-12T10:33:03.775Z","router_name":"your_router_name","user_by":"your_user_id_or_name"}
{"level":"info","message":"Log message","timestamp":"2023-12-12T10:33:20.804Z","router_name":"/tha.thach","user_by":"tha.thach"}
{"level":"info","message":"tha.thach has been store on /storeDepartment","timestamp":"2023-12-12T10:33:42.784Z","router_name":"/storeDepartment","user_by":"tha.thach"}
{"level":"info","message":"tha.thach has been delete on /deleteDepartment/:id","timestamp":"2023-12-12T10:34:32.569Z","router_name":"/deleteDepartment/:id","user_by":"tha.thach"}
{"level":"info","message":"Log message","timestamp":"2023-12-12T10:40:51.385Z","router_name":"/tha.thach","user_by":"tha.thach"}
{"level":"info","message":"Log message","timestamp":"2023-12-13T01:01:55.684Z","router_name":"/tha.thach","user_by":"tha.thach"}
{"level":"info","message":"Log message","timestamp":"2023-12-13T01:06:27.188Z","router_name":"/tha.thach","user_by":"tha.thach"}
{"level":"info","message":"Log message","timestamp":"2023-12-13T01:06:35.581Z","router_name":"/tha.thach","user_by":"tha.thach"}
{"level":"info","message":"Log message","timestamp":"2023-12-13T01:07:37.890Z","router_name":"/tha.thach","user_by":"tha.thach"}
{"level":"info","message":"Log message","timestamp":"2023-12-13T01:09:46.316Z","router_name":"/tha.thach","user_by":"tha.thach"}
{"level":"info","message":"Log message","timestamp":"2023-12-13T01:10:18.786Z","router_name":"/tha.thach","user_by":"tha.thach"}
{"level":"info","message":"Log message","timestamp":"2023-12-13T01:10:27.555Z","router_name":"/tha.thach","user_by":"tha.thach"}
{"level":"info","message":"Log message","timestamp":"2023-12-13T01:10:42.657Z","router_name":"/tha.thach","user_by":"tha.thach"}
{"level":"info","message":"Log message","timestamp":"2023-12-13T01:10:59.183Z","router_name":"/tha.thach","user_by":"tha.thach"}
{"level":"info","message":"Log message","timestamp":"2023-12-13T01:13:14.435Z","router_name":"/tha.thach","user_by":"tha.thach"}
{"level":"info","message":"Log message","timestamp":"2023-12-13T01:13:47.019Z","router_name":"/tha.thach","user_by":"tha.thach"}
{"level":"info","message":"Log message","timestamp":"2023-12-13T01:15:59.989Z","router_name":"/tha.thach","user_by":"tha.thach"}
{"level":"info","message":"Log message","timestamp":"2023-12-13T01:23:51.904Z","router_name":"/tha.thach","user_by":"tha.thach"}
{"level":"info","message":"tha.thach has been store on /storeDepartment","timestamp":"2023-12-13T01:38:47.661Z","router_name":"/storeDepartment","user_by":"tha.thach"}
{"level":"info","message":"tha.thach has been store on /storeDepartment","timestamp":"2023-12-13T01:41:30.613Z"}
{"level":"info","message":"tha.thach has been delete on /deleteDepartment/:id","timestamp":"2023-12-13T01:56:38.869Z","router_name":"/deleteDepartment/:id","user_by":"tha.thach"}
{"level":"info","message":"tha.thach has been store on /storeDepartment","timestamp":"2023-12-13T02:07:32.079Z"}
{"level":"info","message":"tha.thach has been store on /storeDepartment","timestamp":"2023-12-13T02:25:22.994Z"}
{"level":"info","message":"tha.thach has been store on /storeDepartment","timestamp":"2023-12-13T02:26:34.754Z","router_name":"/storeDepartment"}
{"level":"info","message":"tha.thach has been delete on /deleteDepartment/:id","timestamp":"2023-12-13T02:27:01.171Z","router_name":"/deleteDepartment/:id","user_by":"tha.thach"}
{"level":"info","message":"tha.thach has been store on /storeDepartment","timestamp":"2023-12-13T02:34:40.560Z","router_name":"/storeDepartment","user_by":"tha.thach"}
{"level":"info","message":"Log message","timestamp":"2023-12-13T02:40:40.496Z"}
{"level":"info","message":"tha.thach has been delete on /deleteDepartment/:id","timestamp":"2023-12-13T02:41:30.153Z","router_name":"/deleteDepartment/:id","user_by":"tha.thach"}
{"level":"info","message":"tha.thach has been delete on /deleteDepartment/:id","timestamp":"2023-12-13T02:42:18.525Z","router_name":"/deleteDepartment/:id","user_by":"tha.thach"}
{"level":"info","message":"tha.thach has been delete on /deleteDepartment/:id","timestamp":"2023-12-13T02:42:21.014Z","router_name":"/deleteDepartment/:id","user_by":"tha.thach"}
{"level":"info","message":"tha.thach has been delete on /deleteDepartment/:id","timestamp":"2023-12-13T02:42:23.792Z","router_name":"/deleteDepartment/:id","user_by":"tha.thach"}
{"level":"info","message":"tha.thach has been delete on /deleteDepartment/:id","timestamp":"2023-12-13T02:42:27.101Z","router_name":"/deleteDepartment/:id","user_by":"tha.thach"}
{"level":"info","message":"tha.thach has been store on /storeDepartment","timestamp":"2023-12-13T02:42:44.051Z","router_name":"/storeDepartment","user_by":"tha.thach"}
{"level":"info","message":"nha.thai has been store on /listAssemble","timestamp":"2023-12-13T03:13:10.878Z","router_name":"/listAssemble","user_by":"nha.thai"}
{"level":"info","message":"nha.thai has been store on /listAssemble","timestamp":"2023-12-13T03:13:10.891Z","router_name":"/listAssemble","user_by":"nha.thai"}
{"level":"info","message":"tha.thach has been delete on /deleteDepartment/:id","timestamp":"2023-12-13T03:15:33.777Z","router_name":"/deleteDepartment/:id","user_by":"tha.thach"}
{"level":"info","message":"tha.thach has been delete on /deleteDepartment/:id","timestamp":"2023-12-13T03:15:36.859Z","router_name":"/deleteDepartment/:id","user_by":"tha.thach"}
{"level":"info","message":"tha.thach has been store on /storeDepartment","timestamp":"2023-12-13T04:04:28.088Z","router_name":"/storeDepartment","user_by":"tha.thach"}
{"level":"info","message":"tha.thach has been update on /updateDepartment/:id","timestamp":"2023-12-13T04:04:47.110Z","router_name":"/updateDepartment/:id","user_by":"tha.thach"}
{"level":"info","message":"tha.thach has been delete on /deleteDepartment/:id","timestamp":"2023-12-13T04:06:57.969Z","router_name":"/deleteDepartment/:id","user_by":"tha.thach"}
{"level":"info","message":"tha.thach has been store on /listAssemble","timestamp":"2023-12-13T04:12:55.954Z","router_name":"/listAssemble","user_by":"tha.thach"}
{"level":"info","message":"tha.thach has been store on /listAssemble","timestamp":"2023-12-13T04:12:55.967Z","router_name":"/listAssemble","user_by":"tha.thach"}
{"level":"info","message":"tha.thach has been store on /listAssemble","timestamp":"2023-12-13T04:12:58.016Z","router_name":"/listAssemble","user_by":"tha.thach"}
{"level":"info","message":"tha.thach has been store on /listAssemble","timestamp":"2023-12-13T04:12:58.025Z","router_name":"/listAssemble","user_by":"tha.thach"}
{"level":"info","message":"tha.thach has been store on /storeDepartment","timestamp":"2023-12-13T04:13:11.231Z","router_name":"/storeDepartment","user_by":"tha.thach"}
{"level":"info","message":"tha.thach has been update on /updateDepartment/:id","timestamp":"2023-12-13T04:14:11.244Z","router_name":"/updateDepartment/:id","user_by":"tha.thach"}
{"level":"info","message":"tha.thach has been store on /listAssemble","timestamp":"2023-12-13T04:15:08.246Z","router_name":"/listAssemble","user_by":"tha.thach"}
{"level":"info","message":"tha.thach has been store on /listAssemble","timestamp":"2023-12-13T04:15:08.254Z","router_name":"/listAssemble","user_by":"tha.thach"}
{"level":"info","message":"tha.thach has been update on /updateDepartment/:id","timestamp":"2023-12-13T04:20:33.383Z","router_name":"/updateDepartment/:id","user_by":"tha.thach"}
{"level":"info","message":"tha.thach has been store on /storeDepartment","timestamp":"2023-12-13T04:35:59.237Z","router_name":"/storeDepartment","user_by":"tha.thach"}
{"level":"info","message":"tha.thach has been delete on /deleteDepartment/:id","timestamp":"2023-12-13T04:36:18.388Z","router_name":"/deleteDepartment/:id","user_by":"tha.thach"}
{"level":"info","message":"tha.thach has been delete on /deleteDepartment/:id","timestamp":"2023-12-13T04:36:22.729Z","router_name":"/deleteDepartment/:id","user_by":"tha.thach"}
{"level":"info","message":"tha.thach has been store on /storeDepartment","timestamp":"2023-12-13T04:36:27.895Z","router_name":"/storeDepartment","user_by":"tha.thach"}
{"level":"info","message":"tha.thach has been store on /storeDepartment","timestamp":"2023-12-13T07:14:38.573Z","router_name":"/storeDepartment","user_by":"tha.thach"}
{"level":"info","message":"tha.thach has been update on /updateDepartment/:id","timestamp":"2023-12-13T07:15:46.588Z","router_name":"/updateDepartment/:id","user_by":"tha.thach"}
{"level":"info","message":"tha.thach has been store on /storeDepartment","timestamp":"2023-12-13T07:16:02.800Z","router_name":"/storeDepartment","user_by":"tha.thach"}
{"level":"info","message":"tha.thach has been update on /updateDepartment/:id","timestamp":"2023-12-13T07:16:24.167Z","router_name":"/updateDepartment/:id","user_by":"tha.thach"}
{"level":"info","message":"tha.thach has been delete on /deleteDepartment/:id","timestamp":"2023-12-13T07:42:10.544Z","router_name":"/deleteDepartment/:id","user_by":"tha.thach"}
{"level":"info","message":"tha.thach has been delete on /deleteDepartment/:id","timestamp":"2023-12-13T07:42:13.533Z","router_name":"/deleteDepartment/:id","user_by":"tha.thach"}
{"level":"info","message":"tha.thach has been delete on /deleteDepartment/:id","timestamp":"2023-12-13T07:42:19.682Z","router_name":"/deleteDepartment/:id","user_by":"tha.thach"}
{"level":"info","message":"tha.thach has been store on /storeDepartment","timestamp":"2023-12-13T07:42:25.939Z","router_name":"/storeDepartment","user_by":"tha.thach"}
{"level":"info","message":"tha.thach has been update on /updateDepartment/:id","timestamp":"2023-12-13T07:42:35.982Z","router_name":"/updateDepartment/:id","user_by":"tha.thach"}
{"level":"info","message":"tha.thach has been store on /storeDepartment","timestamp":"2023-12-13T07:43:43.710Z","router_name":"/storeDepartment","user_by":"tha.thach"}
{"level":"info","message":"tha.thach has been update on /updateDepartment/:id","timestamp":"2023-12-13T07:43:52.265Z","router_name":"/updateDepartment/:id","user_by":"tha.thach"}
{"level":"info","message":"tha.thach has been update on /updateDepartment/:id","timestamp":"2023-12-13T07:52:48.245Z","router_name":"/updateDepartment/:id","user_by":"tha.thach"}
{"level":"info","message":"tha.thach has been delete on /deleteDepartment/:id","timestamp":"2023-12-13T08:00:15.334Z","router_name":"/deleteDepartment/:id","user_by":"tha.thach"}
{"level":"info","message":"tha.thach has been delete on /deleteDepartment/:id","timestamp":"2023-12-13T08:00:18.074Z","router_name":"/deleteDepartment/:id","user_by":"tha.thach"}
{"level":"info","message":"nha.thai has been store on /listAssemble","timestamp":"2023-12-13T08:21:10.078Z","router_name":"/listAssemble","user_by":"nha.thai"}
{"level":"info","message":"nha.thai has been store on /listAssemble","timestamp":"2023-12-13T08:21:10.091Z","router_name":"/listAssemble","user_by":"nha.thai"}
{"level":"info","message":"tha.thach has been store on /listAssemble","timestamp":"2023-12-13T08:50:03.827Z","router_name":"/listAssemble","user_by":"tha.thach"}
{"level":"info","message":"tha.thach has been store on /listAssemble","timestamp":"2023-12-13T08:50:03.839Z","router_name":"/listAssemble","user_by":"tha.thach"}
{"level":"info","message":"tha.thach has been store on /listAssemble","timestamp":"2023-12-13T08:50:18.081Z","router_name":"/listAssemble","user_by":"tha.thach"}
{"level":"info","message":"tha.thach has been store on /listAssemble","timestamp":"2023-12-13T08:50:18.089Z","router_name":"/listAssemble","user_by":"tha.thach"}
{"level":"info","message":"tha.thach has been store on /listAssemble","timestamp":"2023-12-13T08:50:22.509Z","router_name":"/listAssemble","user_by":"tha.thach"}
{"level":"info","message":"tha.thach has been store on /listAssemble","timestamp":"2023-12-13T08:50:22.517Z","router_name":"/listAssemble","user_by":"tha.thach"}
{"level":"info","message":"tha.thach has been store on /listAssemble","timestamp":"2023-12-13T08:55:14.133Z","router_name":"/listAssemble","user_by":"tha.thach"}
{"level":"info","message":"tha.thach has been store on /listAssemble","timestamp":"2023-12-13T08:55:14.142Z","router_name":"/listAssemble","user_by":"tha.thach"}
{"level":"info","message":"nha.thai has been store on /listAssemble","timestamp":"2023-12-13T09:09:33.009Z","router_name":"/listAssemble","user_by":"nha.thai"}
{"level":"info","message":"nha.thai has been store on /listAssemble","timestamp":"2023-12-13T09:09:33.020Z","router_name":"/listAssemble","user_by":"nha.thai"}
{"level":"info","message":"nha.thai has been store on /listAssemble","timestamp":"2023-12-14T02:05:35.268Z","router_name":"/listAssemble","user_by":"nha.thai"}
{"level":"info","message":"nha.thai has been store on /listAssemble","timestamp":"2023-12-14T02:05:35.279Z","router_name":"/listAssemble","user_by":"nha.thai"}
{"level":"info","message":"nha.thai has been store on /listAssemble","timestamp":"2023-12-14T04:06:26.914Z","router_name":"/listAssemble","user_by":"nha.thai"}
{"level":"info","message":"nha.thai has been store on /listAssemble","timestamp":"2023-12-14T04:06:26.927Z","router_name":"/listAssemble","user_by":"nha.thai"}
{"level":"info","message":"tha.thach has been store on /listAssemble","timestamp":"2023-12-14T06:36:07.834Z","router_name":"/listAssemble","user_by":"tha.thach"}
{"level":"info","message":"tha.thach has been store on /listAssemble","timestamp":"2023-12-14T06:36:07.847Z","router_name":"/listAssemble","user_by":"tha.thach"}
{"level":"info","message":"tha.thach has been store on /storeDetailProductOrder","timestamp":"2023-12-14T07:18:39.834Z","router_name":"/storeDetailProductOrder","user_by":"tha.thach"}
{"level":"info","message":"tha.thach has been store on /storeDetailProductOrder","timestamp":"2023-12-14T07:21:43.065Z","router_name":"/storeDetailProductOrder","user_by":"tha.thach"}
{"level":"info","message":"tha.thach has been update on /updateDetailProductOrder/:id","timestamp":"2023-12-14T07:23:59.737Z","router_name":"/updateDetailProductOrder/:id","user_by":"tha.thach"}
{"level":"info","message":"tha.thach has been delete on /deleteDetailProductOrder","timestamp":"2023-12-14T07:24:29.165Z","router_name":"/deleteDetailProductOrder","user_by":"tha.thach"}
{"level":"info","message":"tha.thach has been store on /createProductOrder","timestamp":"2023-12-14T07:28:21.133Z","router_name":"/createProductOrder","user_by":"tha.thach"}
{"level":"info","message":"tha.thach has been update on /updateProductOrder/:id","timestamp":"2023-12-14T07:28:44.552Z","router_name":"/updateProductOrder/:id","user_by":"tha.thach"}
{"level":"info","message":"tha.thach has been approve on /approveProductOrder/:id","timestamp":"2023-12-14T07:29:24.951Z","router_name":"/approveProductOrder/:id","user_by":"tha.thach"}
{"level":"info","message":"tha.thach has been approve on /reapproveProductOrder/:id","timestamp":"2023-12-14T07:31:03.241Z","router_name":"/reapproveProductOrder/:id","user_by":"tha.thach"}
{"level":"info","message":"tha.thach has been cancel on /cancelProductOrder/:id","timestamp":"2023-12-14T07:31:10.721Z","router_name":"/cancelProductOrder/:id","user_by":"tha.thach"}
{"level":"info","message":"tha.thach has been store on /storeDepartment","timestamp":"2023-12-14T08:27:17.226Z","router_name":"/storeDepartment","user_by":"tha.thach"}
{"level":"info","message":"tha.thach has been update on /updateDepartment/:id","timestamp":"2023-12-14T09:24:11.532Z","router_name":"/updateDepartment/:id","user_by":"tha.thach"}
{"level":"info","message":"tha.thach has been update on /updateDepartment/:id","timestamp":"2023-12-14T09:33:32.145Z","router_name":"/updateDepartment/:id","user_by":"tha.thach"}
{"level":"info","message":"tha.thach has been update on /updateDepartment/:id","timestamp":"2023-12-14T09:33:58.477Z","router_name":"/updateDepartment/:id","user_by":"tha.thach"}
{"level":"info","message":"tha.thach has been update on /updateDepartment/:id","timestamp":"2023-12-14T09:34:18.431Z","router_name":"/updateDepartment/:id","user_by":"tha.thach"}
{"level":"info","message":"tha.thach has been update on /updateDepartment/:id","timestamp":"2023-12-14T09:42:00.989Z","router_name":"/updateDepartment/:id","user_by":"tha.thach"}
{"level":"info","message":"tha.thach has been store on /storeDepartment","timestamp":"2023-12-14T09:42:25.452Z","router_name":"/storeDepartment","user_by":"tha.thach"}
{"level":"info","message":"tha.thach has been update on /updateDepartment/:id","timestamp":"2023-12-14T09:42:37.346Z","router_name":"/updateDepartment/:id","user_by":"tha.thach"}
{"level":"info","message":"tha.thach has been delete on /deleteDepartment/:id","timestamp":"2023-12-14T09:43:45.098Z","router_name":"/deleteDepartment/:id","user_by":"tha.thach"}
{"level":"info","message":"tha.thach has been delete on /deleteDepartment/:id","timestamp":"2023-12-14T09:43:48.711Z","router_name":"/deleteDepartment/:id","user_by":"tha.thach"}
{"level":"info","message":"tha.thach has been store on /storeDepartment","timestamp":"2023-12-14T09:44:23.878Z","router_name":"/storeDepartment","user_by":"tha.thach"}
{"level":"info","message":"tha.thach has been update on /updateDepartment/:id","timestamp":"2023-12-14T09:46:04.277Z","router_name":"/updateDepartment/:id","user_by":"tha.thach"}
{"level":"info","message":"tha.thach has been update on /updateDepartment/:id","timestamp":"2023-12-14T09:51:36.407Z","router_name":"/updateDepartment/:id","user_by":"tha.thach"}
{"level":"info","message":"tha.thach has been store on /storeManagerIMS","timestamp":"2023-12-15T02:35:20.333Z","router_name":"/storeManagerIMS","user_by":"tha.thach"}
{"level":"info","message":"tha.thach has been store on /storeDepartment","timestamp":"2023-12-15T03:54:47.605Z","router_name":"/storeDepartment","user_by":"tha.thach"}
{"level":"info","message":"tha.thach has been update on /updateDepartment/:id","timestamp":"2023-12-15T04:00:16.440Z","router_name":"/updateDepartment/:id","user_by":"tha.thach"}
{"level":"info","message":"tha.thach has been update on /updateDepartment/:id","timestamp":"2023-12-15T04:06:06.947Z","router_name":"/updateDepartment/:id","user_by":"tha.thach"}
{"level":"info","message":"tha.thach has been store on /storeDepartment","timestamp":"2023-12-15T04:08:26.713Z","router_name":"/storeDepartment","user_by":"tha.thach"}
{"level":"info","message":"tha.thach has been update on /updateDepartment/:id","timestamp":"2023-12-15T04:15:57.062Z","router_name":"/updateDepartment/:id","user_by":"tha.thach"}
{"level":"info","message":"tha.thach has been store on /storeDepartment","timestamp":"2023-12-15T04:20:13.846Z","router_name":"/storeDepartment","user_by":"tha.thach"}
{"level":"info","message":"tha.thach has been update on /updateDepartment/:id","timestamp":"2023-12-15T04:22:40.627Z","router_name":"/updateDepartment/:id","user_by":"tha.thach"}
{"level":"info","message":"tha.thach has been update on /updateDepartment/:id","timestamp":"2023-12-15T04:23:09.006Z","router_name":"/updateDepartment/:id","user_by":"tha.thach"}
{"level":"info","message":"tha.thach has been update on /updateDepartment/:id","timestamp":"2023-12-15T04:24:10.377Z","router_name":"/updateDepartment/:id","user_by":"tha.thach"}
{"level":"info","message":"tha.thach has been store on /storeDepartment","timestamp":"2023-12-15T05:23:25.701Z","router_name":"/storeDepartment","user_by":"tha.thach"}
{"level":"info","message":"tha.thach has been update on /updateDepartment/:id","timestamp":"2023-12-15T05:24:39.403Z","router_name":"/updateDepartment/:id","user_by":"tha.thach"}
{"level":"info","message":"tha.thach has been store on /storeDepartment","timestamp":"2023-12-15T06:01:53.588Z","router_name":"/storeDepartment","user_by":"tha.thach"}
{"level":"info","message":"tha.thach has been update on /updateDepartment/:id","timestamp":"2023-12-15T06:03:20.840Z","router_name":"/updateDepartment/:id","user_by":"tha.thach"}
{"level":"info","message":"tha.thach has been store on /storeDepartment","timestamp":"2023-12-15T06:04:50.884Z","router_name":"/storeDepartment","user_by":"tha.thach"}
{"level":"info","message":"tha.thach has been update on /updateDepartment/:id","timestamp":"2023-12-15T06:05:32.032Z","router_name":"/updateDepartment/:id","user_by":"tha.thach"}
{"level":"info","message":"tha.thach has been update on /updateDepartment/:id","timestamp":"2023-12-15T06:08:33.976Z","router_name":"/updateDepartment/:id","user_by":"tha.thach"}
{"level":"info","message":"tha.thach has been store on /listAssemble","timestamp":"2023-12-18T01:24:38.236Z","router_name":"/listAssemble","user_by":"tha.thach"}
{"level":"info","message":"tha.thach has been store on /listAssemble","timestamp":"2023-12-18T01:24:38.250Z","router_name":"/listAssemble","user_by":"tha.thach"}
{"level":"info","message":"tha.thach has been store on /listAssemble","timestamp":"2023-12-18T01:25:03.313Z","router_name":"/listAssemble","user_by":"tha.thach"}
{"level":"info","message":"tha.thach has been store on /listAssemble","timestamp":"2023-12-18T01:25:03.321Z","router_name":"/listAssemble","user_by":"tha.thach"}
{"level":"info","message":"nha.thai has been approve on /approveProductOrder/:id","timestamp":"2023-12-18T02:29:35.091Z","router_name":"/approveProductOrder/:id","user_by":"nha.thai"}
{"level":"info","message":"nha.thai has been store on /listAssemble","timestamp":"2023-12-18T02:38:28.887Z","router_name":"/listAssemble","user_by":"nha.thai"}
{"level":"info","message":"nha.thai has been store on /listAssemble","timestamp":"2023-12-18T02:38:28.899Z","router_name":"/listAssemble","user_by":"nha.thai"}
{"level":"info","message":"nha.thai has been store on /listAssemble","timestamp":"2023-12-18T02:39:54.047Z","router_name":"/listAssemble","user_by":"nha.thai"}
{"level":"info","message":"nha.thai has been store on /listAssemble","timestamp":"2023-12-18T02:39:54.058Z","router_name":"/listAssemble","user_by":"nha.thai"}
{"level":"info","message":"tha.thach has been store on /storeDetailProductOrder","timestamp":"2023-12-18T03:40:03.334Z","router_name":"/storeDetailProductOrder","user_by":"tha.thach"}
{"level":"info","message":"tha.thach has been update on /updateDetailProductOrder/:id","timestamp":"2023-12-18T03:40:22.049Z","router_name":"/updateDetailProductOrder/:id","user_by":"tha.thach"}
{"level":"info","message":"tha.thach has been store on /storeDetailProductOrder","timestamp":"2023-12-18T03:44:51.352Z","router_name":"/storeDetailProductOrder","user_by":"tha.thach"}
{"level":"info","message":"tha.thach has been store on /createProductOrder","timestamp":"2023-12-18T03:58:51.131Z","router_name":"/createProductOrder","user_by":"tha.thach"}
{"level":"info","message":"nha.thai has been store on /storeJobSheet","timestamp":"2023-12-18T04:08:52.095Z","router_name":"/storeJobSheet","user_by":"nha.thai"}
{"level":"info","message":"nha.thai has been update on /UpdateUserRole/:id","timestamp":"2023-12-18T04:26:58.132Z","router_name":"/UpdateUserRole/:id","user_by":"nha.thai"}
{"level":"info","message":"phuong.tu has been store on /storeJobSheet","timestamp":"2023-12-18T04:29:43.927Z","router_name":"/storeJobSheet","user_by":"phuong.tu"}
{"level":"info","message":"phuong.tu has been store on /storeJobSheet","timestamp":"2023-12-18T04:31:02.302Z","router_name":"/storeJobSheet","user_by":"phuong.tu"}
{"level":"info","message":"phuong.tu has been store on /storeJobSheet","timestamp":"2023-12-18T04:35:07.518Z","router_name":"/storeJobSheet","user_by":"phuong.tu"}
{"level":"info","message":"phuong.tu has been store on /storeJobSheet","timestamp":"2023-12-18T04:37:01.287Z","router_name":"/storeJobSheet","user_by":"phuong.tu"}
{"level":"info","message":"phuong.tu has been store on /storeJobSheet","timestamp":"2023-12-18T04:38:22.477Z","router_name":"/storeJobSheet","user_by":"phuong.tu"}
{"level":"info","message":"phuong.tu has been store on /storeJobSheet","timestamp":"2023-12-18T04:39:13.131Z","router_name":"/storeJobSheet","user_by":"phuong.tu"}
{"level":"info","message":"phuong.tu has been update on /updateJobSheet/:id","timestamp":"2023-12-18T04:42:15.332Z","router_name":"/updateJobSheet/:id","user_by":"phuong.tu"}
{"level":"info","message":"phuong.tu has been update on /updateJobSheet/:id","timestamp":"2023-12-18T04:43:26.607Z","router_name":"/updateJobSheet/:id","user_by":"phuong.tu"}
{"level":"info","message":"phuong.tu has been update on /updateJobSheet/:id","timestamp":"2023-12-18T04:45:17.470Z","router_name":"/updateJobSheet/:id","user_by":"phuong.tu"}
{"level":"info","message":"phuong.tu has been update on /updateJobSheet/:id","timestamp":"2023-12-18T04:46:16.995Z","router_name":"/updateJobSheet/:id","user_by":"phuong.tu"}
{"level":"info","message":"phuong.tu has been update on /updateJobSheet/:id","timestamp":"2023-12-18T04:47:05.682Z","router_name":"/updateJobSheet/:id","user_by":"phuong.tu"}
{"level":"info","message":"phuong.tu has been store on /storeJobSheet","timestamp":"2023-12-18T05:28:21.336Z","router_name":"/storeJobSheet","user_by":"phuong.tu"}
{"level":"info","message":"phuong.tu has been update on /updateJobSheet/:id","timestamp":"2023-12-18T05:28:37.242Z","router_name":"/updateJobSheet/:id","user_by":"phuong.tu"}
{"level":"info","message":"phuong.tu has been store on /storeJobSheet","timestamp":"2023-12-18T05:29:41.678Z","router_name":"/storeJobSheet","user_by":"phuong.tu"}
{"level":"info","message":"phuong.tu has been store on /storeJobSheet","timestamp":"2023-12-18T05:30:26.232Z","router_name":"/storeJobSheet","user_by":"phuong.tu"}
{"level":"info","message":"phuong.tu has been store on /storeJobSheet","timestamp":"2023-12-18T06:00:56.176Z","router_name":"/storeJobSheet","user_by":"phuong.tu"}
{"level":"info","message":"phuong.tu has been store on /storeJobSheet","timestamp":"2023-12-18T06:03:13.720Z","router_name":"/storeJobSheet","user_by":"phuong.tu"}
{"level":"info","message":"phuong.tu has been store on /storeJobSheet","timestamp":"2023-12-18T06:06:26.856Z","router_name":"/storeJobSheet","user_by":"phuong.tu"}
{"level":"info","message":"phuong.tu has been store on /storeJobSheet","timestamp":"2023-12-18T06:07:43.761Z","router_name":"/storeJobSheet","user_by":"phuong.tu"}
{"level":"info","message":"phuong.tu has been store on /storeJobSheet","timestamp":"2023-12-18T06:09:00.431Z","router_name":"/storeJobSheet","user_by":"phuong.tu"}
{"level":"info","message":"phuong.tu has been store on /storeJobSheet","timestamp":"2023-12-18T06:09:44.621Z","router_name":"/storeJobSheet","user_by":"phuong.tu"}
{"level":"info","message":"phuong.tu has been store on /storeJobSheet","timestamp":"2023-12-18T06:11:49.610Z","router_name":"/storeJobSheet","user_by":"phuong.tu"}
{"level":"info","message":"phuong.tu has been store on /storeJobSheet","timestamp":"2023-12-18T06:13:04.156Z","router_name":"/storeJobSheet","user_by":"phuong.tu"}
{"level":"info","message":"phuong.tu has been store on /storeJobSheet","timestamp":"2023-12-18T06:14:51.903Z","router_name":"/storeJobSheet","user_by":"phuong.tu"}
{"level":"info","message":"phuong.tu has been store on /storeJobSheet","timestamp":"2023-12-18T06:15:44.798Z","router_name":"/storeJobSheet","user_by":"phuong.tu"}
{"level":"info","message":"phuong.tu has been store on /storeJobSheet","timestamp":"2023-12-18T06:16:55.523Z","router_name":"/storeJobSheet","user_by":"phuong.tu"}
{"level":"info","message":"phuong.tu has been store on /storeJobSheet","timestamp":"2023-12-18T06:17:39.787Z","router_name":"/storeJobSheet","user_by":"phuong.tu"}
{"level":"info","message":"phuong.tu has been store on /storeJobSheet","timestamp":"2023-12-18T06:19:17.348Z","router_name":"/storeJobSheet","user_by":"phuong.tu"}
{"level":"info","message":"phuong.tu has been store on /storeJobSheet","timestamp":"2023-12-18T06:20:06.148Z","router_name":"/storeJobSheet","user_by":"phuong.tu"}
{"level":"info","message":"phuong.tu has been store on /storeJobSheet","timestamp":"2023-12-18T06:20:59.791Z","router_name":"/storeJobSheet","user_by":"phuong.tu"}
{"level":"info","message":"phuong.tu has been store on /storeJobSheet","timestamp":"2023-12-18T06:22:09.940Z","router_name":"/storeJobSheet","user_by":"phuong.tu"}
{"level":"info","message":"phuong.tu has been store on /storeJobSheet","timestamp":"2023-12-18T06:22:52.735Z","router_name":"/storeJobSheet","user_by":"phuong.tu"}
{"level":"info","message":"phuong.tu has been store on /storeJobSheet","timestamp":"2023-12-18T06:23:58.858Z","router_name":"/storeJobSheet","user_by":"phuong.tu"}
{"level":"info","message":"phuong.tu has been store on /storeJobSheet","timestamp":"2023-12-18T06:24:40.597Z","router_name":"/storeJobSheet","user_by":"phuong.tu"}
{"level":"info","message":"phuong.tu has been store on /storeJobSheet","timestamp":"2023-12-18T06:25:19.288Z","router_name":"/storeJobSheet","user_by":"phuong.tu"}
{"level":"info","message":"phuong.tu has been store on /storeJobSheet","timestamp":"2023-12-18T06:25:54.026Z","router_name":"/storeJobSheet","user_by":"phuong.tu"}
{"level":"info","message":"phuong.tu has been store on /storeJobSheet","timestamp":"2023-12-18T06:26:34.847Z","router_name":"/storeJobSheet","user_by":"phuong.tu"}
{"level":"info","message":"phuong.tu has been store on /storeJobSheet","timestamp":"2023-12-18T06:28:33.600Z","router_name":"/storeJobSheet","user_by":"phuong.tu"}
{"level":"info","message":"phuong.tu has been store on /storeJobSheet","timestamp":"2023-12-18T06:29:41.058Z","router_name":"/storeJobSheet","user_by":"phuong.tu"}
{"level":"info","message":"phuong.tu has been store on /storeJobSheet","timestamp":"2023-12-18T06:31:11.910Z","router_name":"/storeJobSheet","user_by":"phuong.tu"}
{"level":"info","message":"phuong.tu has been store on /storeJobSheet","timestamp":"2023-12-18T06:32:23.679Z","router_name":"/storeJobSheet","user_by":"phuong.tu"}
{"level":"info","message":"phuong.tu has been store on /storeJobSheet","timestamp":"2023-12-18T06:33:15.370Z","router_name":"/storeJobSheet","user_by":"phuong.tu"}
{"level":"info","message":"phuong.tu has been store on /storeJobSheet","timestamp":"2023-12-18T06:33:57.328Z","router_name":"/storeJobSheet","user_by":"phuong.tu"}
{"level":"info","message":"phuong.tu has been store on /storeJobSheet","timestamp":"2023-12-18T06:35:57.950Z","router_name":"/storeJobSheet","user_by":"phuong.tu"}
{"level":"info","message":"phuong.tu has been store on /storeJobSheet","timestamp":"2023-12-18T06:38:19.163Z","router_name":"/storeJobSheet","user_by":"phuong.tu"}
{"level":"info","message":"phuong.tu has been store on /storeJobSheet","timestamp":"2023-12-18T06:39:08.502Z","router_name":"/storeJobSheet","user_by":"phuong.tu"}
{"level":"info","message":"phuong.tu has been store on /storeJobSheet","timestamp":"2023-12-18T06:39:56.748Z","router_name":"/storeJobSheet","user_by":"phuong.tu"}
{"level":"info","message":"phuong.tu has been store on /storeJobSheet","timestamp":"2023-12-18T06:41:47.284Z","router_name":"/storeJobSheet","user_by":"phuong.tu"}
{"level":"info","message":"phuong.tu has been store on /storeJobSheet","timestamp":"2023-12-18T06:42:30.990Z","router_name":"/storeJobSheet","user_by":"phuong.tu"}
{"level":"info","message":"phuong.tu has been store on /storeJobSheet","timestamp":"2023-12-18T06:43:20.906Z","router_name":"/storeJobSheet","user_by":"phuong.tu"}
{"level":"info","message":"phuong.tu has been store on /storeJobSheet","timestamp":"2023-12-18T06:44:05.883Z","router_name":"/storeJobSheet","user_by":"phuong.tu"}
{"level":"info","message":"phuong.tu has been store on /storeJobSheet","timestamp":"2023-12-18T06:47:40.779Z","router_name":"/storeJobSheet","user_by":"phuong.tu"}
{"level":"info","message":"phuong.tu has been store on /storeJobSheet","timestamp":"2023-12-18T06:48:25.837Z","router_name":"/storeJobSheet","user_by":"phuong.tu"}
{"level":"info","message":"phuong.tu has been store on /storeJobSheet","timestamp":"2023-12-18T06:49:48.081Z","router_name":"/storeJobSheet","user_by":"phuong.tu"}
{"level":"info","message":"phuong.tu has been store on /storeJobSheet","timestamp":"2023-12-18T06:50:39.765Z","router_name":"/storeJobSheet","user_by":"phuong.tu"}
{"level":"info","message":"phuong.tu has been store on /storeJobSheet","timestamp":"2023-12-18T06:51:15.236Z","router_name":"/storeJobSheet","user_by":"phuong.tu"}
{"level":"info","message":"phuong.tu has been store on /storeJobSheet","timestamp":"2023-12-18T06:51:59.135Z","router_name":"/storeJobSheet","user_by":"phuong.tu"}
{"level":"info","message":"phuong.tu has been store on /storeJobSheet","timestamp":"2023-12-18T06:52:39.510Z","router_name":"/storeJobSheet","user_by":"phuong.tu"}
{"level":"info","message":"phuong.tu has been store on /storeJobSheet","timestamp":"2023-12-18T06:53:18.277Z","router_name":"/storeJobSheet","user_by":"phuong.tu"}
{"level":"info","message":"phuong.tu has been store on /storeJobSheet","timestamp":"2023-12-18T06:53:52.034Z","router_name":"/storeJobSheet","user_by":"phuong.tu"}
{"level":"info","message":"phuong.tu has been store on /storeJobSheet","timestamp":"2023-12-18T06:54:36.591Z","router_name":"/storeJobSheet","user_by":"phuong.tu"}
{"level":"info","message":"phuong.tu has been store on /storeJobSheet","timestamp":"2023-12-18T06:55:25.476Z","router_name":"/storeJobSheet","user_by":"phuong.tu"}
{"level":"info","message":"phuong.tu has been store on /storeJobSheet","timestamp":"2023-12-18T06:56:04.797Z","router_name":"/storeJobSheet","user_by":"phuong.tu"}
{"level":"info","message":"phuong.tu has been store on /storeJobSheet","timestamp":"2023-12-18T06:57:22.107Z","router_name":"/storeJobSheet","user_by":"phuong.tu"}
{"level":"info","message":"phuong.tu has been store on /storeJobSheet","timestamp":"2023-12-18T06:58:01.738Z","router_name":"/storeJobSheet","user_by":"phuong.tu"}
{"level":"info","message":"phuong.tu has been store on /storeJobSheet","timestamp":"2023-12-18T06:59:15.290Z","router_name":"/storeJobSheet","user_by":"phuong.tu"}
{"level":"info","message":"phuong.tu has been store on /storeJobSheet","timestamp":"2023-12-18T06:59:45.706Z","router_name":"/storeJobSheet","user_by":"phuong.tu"}
{"level":"info","message":"phuong.tu has been store on /storeJobSheet","timestamp":"2023-12-18T07:01:00.081Z","router_name":"/storeJobSheet","user_by":"phuong.tu"}
{"level":"info","message":"phuong.tu has been store on /storeJobSheet","timestamp":"2023-12-18T07:01:34.916Z","router_name":"/storeJobSheet","user_by":"phuong.tu"}
{"level":"info","message":"nha.thai has been store on /storeJobSheet","timestamp":"2023-12-18T07:04:02.319Z","router_name":"/storeJobSheet","user_by":"nha.thai"}
{"level":"info","message":"nha.thai has been store on /storeJobSheet","timestamp":"2023-12-18T07:04:46.679Z","router_name":"/storeJobSheet","user_by":"nha.thai"}
{"level":"info","message":"nha.thai has been store on /storeJobSheet","timestamp":"2023-12-18T07:05:28.940Z","router_name":"/storeJobSheet","user_by":"nha.thai"}
{"level":"info","message":"nha.thai has been store on /storeJobSheet","timestamp":"2023-12-18T07:06:14.787Z","router_name":"/storeJobSheet","user_by":"nha.thai"}
{"level":"info","message":"nha.thai has been store on /storeJobSheet","timestamp":"2023-12-18T07:06:53.337Z","router_name":"/storeJobSheet","user_by":"nha.thai"}
{"level":"info","message":"nha.thai has been store on /storeJobSheet","timestamp":"2023-12-18T07:07:29.492Z","router_name":"/storeJobSheet","user_by":"nha.thai"}
{"level":"info","message":"nha.thai has been store on /storeJobSheet","timestamp":"2023-12-18T07:08:17.373Z","router_name":"/storeJobSheet","user_by":"nha.thai"}
{"level":"info","message":"nha.thai has been store on /storeJobSheet","timestamp":"2023-12-18T07:08:44.181Z","router_name":"/storeJobSheet","user_by":"nha.thai"}
{"level":"info","message":"nha.thai has been store on /storeJobSheet","timestamp":"2023-12-18T07:09:11.342Z","router_name":"/storeJobSheet","user_by":"nha.thai"}
{"level":"info","message":"nha.thai has been store on /storeJobSheet","timestamp":"2023-12-18T07:09:46.488Z","router_name":"/storeJobSheet","user_by":"nha.thai"}
{"level":"info","message":"nha.thai has been store on /storeJobSheet","timestamp":"2023-12-18T07:10:26.651Z","router_name":"/storeJobSheet","user_by":"nha.thai"}
{"level":"info","message":"nha.thai has been store on /storeJobSheet","timestamp":"2023-12-18T07:11:01.507Z","router_name":"/storeJobSheet","user_by":"nha.thai"}
{"level":"info","message":"nha.thai has been store on /storeJobSheet","timestamp":"2023-12-18T07:11:33.731Z","router_name":"/storeJobSheet","user_by":"nha.thai"}
{"level":"info","message":"nha.thai has been store on /storeJobSheet","timestamp":"2023-12-18T07:12:30.855Z","router_name":"/storeJobSheet","user_by":"nha.thai"}
{"level":"info","message":"nha.thai has been store on /storeJobSheet","timestamp":"2023-12-18T07:13:29.767Z","router_name":"/storeJobSheet","user_by":"nha.thai"}
{"level":"info","message":"nha.thai has been store on /storeJobSheet","timestamp":"2023-12-18T07:14:16.187Z","router_name":"/storeJobSheet","user_by":"nha.thai"}
{"level":"info","message":"nha.thai has been store on /storeJobSheet","timestamp":"2023-12-18T07:14:47.358Z","router_name":"/storeJobSheet","user_by":"nha.thai"}
{"level":"info","message":"nha.thai has been store on /storeJobSheet","timestamp":"2023-12-18T07:15:25.024Z","router_name":"/storeJobSheet","user_by":"nha.thai"}
{"level":"info","message":"nha.thai has been store on /storeJobSheet","timestamp":"2023-12-18T07:16:20.313Z","router_name":"/storeJobSheet","user_by":"nha.thai"}
{"level":"info","message":"nha.thai has been delete on /deleteDetailProductOrder","timestamp":"2023-12-19T01:23:38.702Z","router_name":"/deleteDetailProductOrder","user_by":"nha.thai"}
{"level":"info","message":"nha.thai has been delete on /deleteDetailProductOrder","timestamp":"2023-12-19T01:23:40.720Z","router_name":"/deleteDetailProductOrder","user_by":"nha.thai"}
{"level":"info","message":"nha.thai has been update on /UpdateUserRole/:id","timestamp":"2023-12-19T01:35:35.785Z","router_name":"/UpdateUserRole/:id","user_by":"nha.thai"}
{"level":"info","message":"phuong.tu has been store on /storeDetailProductOrder","timestamp":"2023-12-19T01:40:44.854Z","router_name":"/storeDetailProductOrder","user_by":"phuong.tu"}
{"level":"info","message":"phuong.tu has been store on /createProductOrder","timestamp":"2023-12-19T01:40:48.154Z","router_name":"/createProductOrder","user_by":"phuong.tu"}
{"level":"info","message":"phuong.tu has been delete on /deleteDetailProductOrder","timestamp":"2023-12-19T01:41:38.026Z","router_name":"/deleteDetailProductOrder","user_by":"phuong.tu"}
{"level":"info","message":"phuong.tu has been store on /storeDetailProductOrder","timestamp":"2023-12-19T01:41:49.870Z","router_name":"/storeDetailProductOrder","user_by":"phuong.tu"}
{"level":"info","message":"phuong.tu has been store on /createProductOrder","timestamp":"2023-12-19T01:41:51.644Z","router_name":"/createProductOrder","user_by":"phuong.tu"}
{"level":"info","message":"phuong.tu has been delete on /deleteDetailProductOrder","timestamp":"2023-12-19T01:44:37.443Z","router_name":"/deleteDetailProductOrder","user_by":"phuong.tu"}
{"level":"info","message":"phuong.tu has been delete on /deleteDetailProductOrder","timestamp":"2023-12-19T01:44:39.577Z","router_name":"/deleteDetailProductOrder","user_by":"phuong.tu"}
{"level":"info","message":"phuong.tu has been update on /UpdateUserRole/:id","timestamp":"2023-12-19T01:51:31.598Z","router_name":"/UpdateUserRole/:id","user_by":"phuong.tu"}
{"level":"info","message":"mi.nguyen has been store on /storeDetailProductOrder","timestamp":"2023-12-19T01:52:25.744Z","router_name":"/storeDetailProductOrder","user_by":"mi.nguyen"}
{"level":"info","message":"mi.nguyen has been store on /createProductOrder","timestamp":"2023-12-19T01:52:27.550Z","router_name":"/createProductOrder","user_by":"mi.nguyen"}
{"level":"info","message":"mi.nguyen has been store on /storeDetailProductOrder","timestamp":"2023-12-19T01:53:22.202Z","router_name":"/storeDetailProductOrder","user_by":"mi.nguyen"}
{"level":"info","message":"mi.nguyen has been store on /createProductOrder","timestamp":"2023-12-19T01:53:40.198Z","router_name":"/createProductOrder","user_by":"mi.nguyen"}
{"level":"info","message":"tha.thach has been store on /registerUser","timestamp":"2023-12-19T01:55:10.340Z","router_name":"/registerUser","user_by":"tha.thach"}
{"level":"info","message":"mi.nguyen has been update on /UpdateUserRole/:id","timestamp":"2023-12-19T01:55:21.242Z","router_name":"/UpdateUserRole/:id","user_by":"mi.nguyen"}
{"level":"info","message":"hue.nguyen has been store on /storeDetailProductOrder","timestamp":"2023-12-19T01:56:03.966Z","router_name":"/storeDetailProductOrder","user_by":"hue.nguyen"}
{"level":"info","message":"hue.nguyen has been store on /createProductOrder","timestamp":"2023-12-19T01:56:17.888Z","router_name":"/createProductOrder","user_by":"hue.nguyen"}
{"level":"info","message":"mi.nguyen has been store on /storeDetailProductOrder","timestamp":"2023-12-19T01:57:20.142Z","router_name":"/storeDetailProductOrder","user_by":"mi.nguyen"}
{"level":"info","message":"mi.nguyen has been store on /createProductOrder","timestamp":"2023-12-19T01:57:21.556Z","router_name":"/createProductOrder","user_by":"mi.nguyen"}
{"level":"info","message":"mi.nguyen has been store on /storeDetailProductOrder","timestamp":"2023-12-19T01:58:41.093Z","router_name":"/storeDetailProductOrder","user_by":"mi.nguyen"}
{"level":"info","message":"mi.nguyen has been store on /createProductOrder","timestamp":"2023-12-19T01:58:55.980Z","router_name":"/createProductOrder","user_by":"mi.nguyen"}
{"level":"info","message":"mi.nguyen has been store on /storeDetailProductOrder","timestamp":"2023-12-19T01:59:15.289Z","router_name":"/storeDetailProductOrder","user_by":"mi.nguyen"}
{"level":"info","message":"mi.nguyen has been store on /createProductOrder","timestamp":"2023-12-19T01:59:24.997Z","router_name":"/createProductOrder","user_by":"mi.nguyen"}
{"level":"info","message":"mi.nguyen has been store on /storeDetailProductOrder","timestamp":"2023-12-19T02:00:53.199Z","router_name":"/storeDetailProductOrder","user_by":"mi.nguyen"}
{"level":"info","message":"mi.nguyen has been store on /createProductOrder","timestamp":"2023-12-19T02:01:02.105Z","router_name":"/createProductOrder","user_by":"mi.nguyen"}
{"level":"info","message":"mi.nguyen has been store on /storeDetailProductOrder","timestamp":"2023-12-19T02:03:52.225Z","router_name":"/storeDetailProductOrder","user_by":"mi.nguyen"}
{"level":"info","message":"mi.nguyen has been store on /createProductOrder","timestamp":"2023-12-19T02:04:00.194Z","router_name":"/createProductOrder","user_by":"mi.nguyen"}
{"level":"info","message":"mi.nguyen has been store on /storeDetailProductOrder","timestamp":"2023-12-19T02:05:09.145Z","router_name":"/storeDetailProductOrder","user_by":"mi.nguyen"}
{"level":"info","message":"mi.nguyen has been store on /createProductOrder","timestamp":"2023-12-19T02:05:17.968Z","router_name":"/createProductOrder","user_by":"mi.nguyen"}
{"level":"info","message":"mi.nguyen has been store on /storeDetailProductOrder","timestamp":"2023-12-19T02:05:37.118Z","router_name":"/storeDetailProductOrder","user_by":"mi.nguyen"}
{"level":"info","message":"mi.nguyen has been store on /createProductOrder","timestamp":"2023-12-19T02:05:45.168Z","router_name":"/createProductOrder","user_by":"mi.nguyen"}
{"level":"info","message":"mi.nguyen has been store on /storeDetailProductOrder","timestamp":"2023-12-19T02:06:29.527Z","router_name":"/storeDetailProductOrder","user_by":"mi.nguyen"}
{"level":"info","message":"mi.nguyen has been store on /createProductOrder","timestamp":"2023-12-19T02:06:45.375Z","router_name":"/createProductOrder","user_by":"mi.nguyen"}
{"level":"info","message":"mi.nguyen has been store on /storeDetailProductOrder","timestamp":"2023-12-19T02:06:58.968Z","router_name":"/storeDetailProductOrder","user_by":"mi.nguyen"}
{"level":"info","message":"mi.nguyen has been store on /createProductOrder","timestamp":"2023-12-19T02:07:05.837Z","router_name":"/createProductOrder","user_by":"mi.nguyen"}
{"level":"info","message":"mi.nguyen has been store on /storeDetailProductOrder","timestamp":"2023-12-19T02:07:42.921Z","router_name":"/storeDetailProductOrder","user_by":"mi.nguyen"}
{"level":"info","message":"mi.nguyen has been store on /createProductOrder","timestamp":"2023-12-19T02:07:59.343Z","router_name":"/createProductOrder","user_by":"mi.nguyen"}
{"level":"info","message":"mi.nguyen has been store on /storeDetailProductOrder","timestamp":"2023-12-19T02:08:25.897Z","router_name":"/storeDetailProductOrder","user_by":"mi.nguyen"}
{"level":"info","message":"mi.nguyen has been store on /createProductOrder","timestamp":"2023-12-19T02:08:39.859Z","router_name":"/createProductOrder","user_by":"mi.nguyen"}
{"level":"info","message":"mi.nguyen has been store on /storeDetailProductOrder","timestamp":"2023-12-19T02:08:55.887Z","router_name":"/storeDetailProductOrder","user_by":"mi.nguyen"}
{"level":"info","message":"mi.nguyen has been store on /storeDetailProductOrder","timestamp":"2023-12-19T02:09:24.844Z","router_name":"/storeDetailProductOrder","user_by":"mi.nguyen"}
{"level":"info","message":"mi.nguyen has been store on /createProductOrder","timestamp":"2023-12-19T02:09:37.529Z","router_name":"/createProductOrder","user_by":"mi.nguyen"}
